<?xml version="1.0" encoding="UTF-8"?>
<!-- Generated by org.testng.reporters.JUnitReportReporter -->
<testsuite hostname="Rishi-PC" failures="0" tests="1" name="com.crm.qa.test.LoginPageTest" time="12.085" errors="0" timestamp="03 Oct 2019 13:16:46 GMT" skipped="0">
  <testcase classname="com.crm.qa.test.LoginPageTest" name="LoginPageTitleTest" time="12.085"/>
</testsuite> <!-- com.crm.qa.test.LoginPageTest -->
